TN:
SF:/Users/nilotpal/code/holdem/node/lib/cards.js
FN:6,(anonymous_1)
FN:15,(anonymous_2)
FN:19,(anonymous_3)
FNF:3
FNH:3
FNDA:10,(anonymous_1)
FNDA:9,(anonymous_2)
FNDA:52,(anonymous_3)
DA:3,1
DA:5,1
DA:7,10
DA:16,9
DA:20,52
DA:21,1
DA:23,51
DA:24,51
DA:25,51
DA:29,1
LF:10
LH:10
BRDA:20,1,0,1
BRDA:20,1,1,51
BRF:2
BRH:2
end_of_record
TN:
SF:/Users/nilotpal/code/holdem/node/lib/hand.js
FN:7,(anonymous_1)
FN:20,(anonymous_2)
FN:28,(anonymous_3)
FN:33,(anonymous_4)
FN:38,(anonymous_5)
FNF:5
FNH:5
FNDA:24,(anonymous_1)
FNDA:27,(anonymous_2)
FNDA:1,(anonymous_3)
FNDA:126,(anonymous_4)
FNDA:24,(anonymous_5)
DA:3,1
DA:4,1
DA:6,1
DA:8,24
DA:9,24
DA:14,24
DA:15,24
DA:17,24
DA:21,27
DA:22,27
DA:29,1
DA:30,1
DA:34,126
DA:35,126
DA:39,24
DA:40,120
DA:41,120
DA:42,120
DA:47,1
LF:19
LH:19
BRDA:34,1,0,11
BRDA:34,1,1,115
BRDA:34,2,0,15
BRDA:34,2,1,100
BRDA:34,3,0,11
BRDA:34,3,1,89
BRDA:34,4,0,7
BRDA:34,4,1,82
BRDA:34,5,0,11
BRDA:34,5,1,71
BRF:10
BRH:10
end_of_record
TN:
SF:/Users/nilotpal/code/holdem/node/lib/holdem.js
FN:6,(anonymous_1)
FN:10,(anonymous_2)
FN:15,(anonymous_3)
FNF:3
FNH:3
FNDA:2,(anonymous_1)
FNDA:3,(anonymous_2)
FNDA:2,(anonymous_3)
DA:3,1
DA:5,1
DA:7,2
DA:12,3
DA:16,2
DA:20,1
LF:6
LH:6
BRF:0
BRH:0
end_of_record
TN:
SF:/Users/nilotpal/code/holdem/node/lib/rank.js
FN:10,(anonymous_1)
FN:34,(anonymous_2)
FN:38,(anonymous_3)
FN:49,(anonymous_4)
FN:57,(anonymous_5)
FN:65,(anonymous_6)
FN:75,(anonymous_7)
FNF:7
FNH:7
FNDA:8,(anonymous_1)
FNDA:11,(anonymous_2)
FNDA:2,(anonymous_3)
FNDA:2,(anonymous_4)
FNDA:5,(anonymous_5)
FNDA:2,(anonymous_6)
FNDA:1,(anonymous_7)
DA:3,1
DA:4,1
DA:5,1
DA:8,1
DA:11,8
DA:23,8
DA:24,8
DA:25,8
DA:26,1
DA:29,7
DA:30,20
DA:35,11
DA:39,2
DA:40,1
DA:41,1
DA:42,1
DA:43,1
DA:44,1
DA:46,1
DA:50,2
DA:51,1
DA:52,1
DA:54,1
DA:58,5
DA:59,5
DA:60,5
DA:61,5
DA:62,5
DA:66,2
DA:67,2
DA:69,2
DA:70,2
DA:71,2
DA:72,2
DA:76,1
DA:77,1
DA:78,2
DA:79,1
DA:85,1
LF:39
LH:39
BRDA:25,1,0,1
BRDA:25,1,1,7
BRDA:25,2,0,8
BRDA:25,2,1,8
BRDA:39,3,0,1
BRDA:39,3,1,1
BRDA:50,4,0,1
BRDA:50,4,1,1
BRDA:50,5,0,2
BRDA:50,5,1,1
BRDA:78,6,0,1
BRDA:78,6,1,1
BRF:12
BRH:12
end_of_record
