TN:
SF:/Users/nilotpal/code/holdem/node/lib/cards.js
FN:6,(anonymous_1)
FN:15,(anonymous_2)
FN:19,(anonymous_3)
FNF:3
FNH:3
FNDA:15,(anonymous_1)
FNDA:14,(anonymous_2)
FNDA:62,(anonymous_3)
DA:3,1
DA:5,1
DA:7,15
DA:16,14
DA:20,62
DA:21,1
DA:23,61
DA:24,61
DA:25,61
DA:29,1
LF:10
LH:10
BRDA:20,1,0,1
BRDA:20,1,1,61
BRF:2
BRH:2
end_of_record
TN:
SF:/Users/nilotpal/code/holdem/node/lib/hand.js
FN:7,(anonymous_1)
FN:20,(anonymous_2)
FN:28,(anonymous_3)
FN:33,(anonymous_4)
FN:38,(anonymous_5)
FNF:5
FNH:5
FNDA:34,(anonymous_1)
FNDA:35,(anonymous_2)
FNDA:1,(anonymous_3)
FNDA:176,(anonymous_4)
FNDA:34,(anonymous_5)
DA:3,1
DA:4,1
DA:6,1
DA:8,34
DA:9,34
DA:14,34
DA:15,34
DA:17,34
DA:21,35
DA:22,35
DA:29,1
DA:30,1
DA:34,176
DA:35,176
DA:39,34
DA:40,170
DA:41,170
DA:42,170
DA:47,1
LF:19
LH:19
BRDA:34,1,0,33
BRDA:34,1,1,143
BRDA:34,2,0,21
BRDA:34,2,1,122
BRDA:34,3,0,15
BRDA:34,3,1,107
BRDA:34,4,0,26
BRDA:34,4,1,81
BRDA:34,5,0,16
BRDA:34,5,1,65
BRF:10
BRH:10
end_of_record
TN:
SF:/Users/nilotpal/code/holdem/node/lib/holdem.js
FN:6,(anonymous_1)
FN:10,(anonymous_2)
FN:15,(anonymous_3)
FNF:3
FNH:3
FNDA:2,(anonymous_1)
FNDA:3,(anonymous_2)
FNDA:2,(anonymous_3)
DA:3,1
DA:5,1
DA:7,2
DA:12,3
DA:16,2
DA:20,1
LF:6
LH:6
BRF:0
BRH:0
end_of_record
TN:
SF:/Users/nilotpal/code/holdem/node/lib/rank.js
FN:10,(anonymous_1)
FN:34,(anonymous_2)
FN:38,(anonymous_3)
FN:48,(anonymous_4)
FN:56,(anonymous_5)
FN:63,(anonymous_6)
FN:79,(anonymous_7)
FN:88,(anonymous_8)
FN:97,(anonymous_9)
FN:106,(anonymous_10)
FN:110,(anonymous_11)
FN:119,(anonymous_12)
FNF:12
FNH:12
FNDA:13,(anonymous_1)
FNDA:2,(anonymous_2)
FNDA:2,(anonymous_3)
FNDA:2,(anonymous_4)
FNDA:5,(anonymous_5)
FNDA:2,(anonymous_6)
FNDA:3,(anonymous_7)
FNDA:2,(anonymous_8)
FNDA:4,(anonymous_9)
FNDA:2,(anonymous_10)
FNDA:2,(anonymous_11)
FNDA:1,(anonymous_12)
DA:3,1
DA:4,1
DA:5,1
DA:8,1
DA:11,13
DA:23,13
DA:24,13
DA:25,13
DA:26,1
DA:29,12
DA:30,30
DA:35,2
DA:39,2
DA:40,1
DA:41,1
DA:42,1
DA:43,1
DA:45,1
DA:49,2
DA:50,1
DA:51,1
DA:53,1
DA:57,5
DA:58,5
DA:59,5
DA:60,5
DA:64,2
DA:65,2
DA:66,23
DA:67,13
DA:69,10
DA:72,23
DA:73,2
DA:76,2
DA:80,3
DA:81,3
DA:82,39
DA:85,3
DA:89,2
DA:90,2
DA:91,26
DA:94,2
DA:98,4
DA:99,4
DA:100,52
DA:103,4
DA:107,2
DA:111,2
DA:112,2
DA:113,26
DA:116,2
DA:120,1
DA:121,2
DA:122,1
DA:128,1
LF:55
LH:55
BRDA:25,1,0,1
BRDA:25,1,1,12
BRDA:25,2,0,13
BRDA:25,2,1,13
BRDA:39,3,0,1
BRDA:39,3,1,1
BRDA:49,4,0,1
BRDA:49,4,1,1
BRDA:49,5,0,2
BRDA:49,5,1,1
BRDA:66,6,0,13
BRDA:66,6,1,10
BRDA:72,7,0,2
BRDA:72,7,1,21
BRDA:82,8,0,2
BRDA:82,8,1,37
BRDA:91,9,0,2
BRDA:91,9,1,24
BRDA:100,10,0,2
BRDA:100,10,1,50
BRDA:107,11,0,2
BRDA:107,11,1,1
BRDA:113,12,0,1
BRDA:113,12,1,25
BRDA:121,13,0,1
BRDA:121,13,1,1
BRF:26
BRH:26
end_of_record
